Arguments: 
  C:\Program Files\nodejs\node.exe C:\Users\Nelly Atuonwu\AppData\Roaming\npm\node_modules\yarn\bin\yarn.js add vue-slick

PATH: 
  C:\Users\Nelly Atuonwu\bin;C:\Program Files\Git\mingw64\bin;C:\Program Files\Git\usr\local\bin;C:\Program Files\Git\usr\bin;C:\Program Files\Git\usr\bin;C:\Program Files\Git\mingw64\bin;C:\Program Files\Git\usr\bin;C:\Users\Nelly Atuonwu\bin;C:\ProgramData\Oracle\Java\javapath;C:\WINDOWS\system32;C:\WINDOWS;C:\WINDOWS\System32\Wbem;C:\WINDOWS\System32\WindowsPowerShell\v1.0;C:\Program Files\Git\cmd;C:\xampp\php;C:\ProgramData\ComposerSetup\bin;C:\Program Files\nodejs;C:\laragon\bin\php\php-7.1.7-Win32-VC14-x64;C:\laragon\bin\ngrok;C:\Users\Nelly Atuonwu\AppData\Roaming\npm;C:\Program Files\nodejs;C:\Program Files\Git\usr\bin;C:\Program Files\Java\jdk1.8.0_151\bin;C:\Users\Nelly Atuonwu\AppData\Local\Android\android-sdk\platform-tools;C:\Users\Nelly Atuonwu\AppData\Local\Android\android-sdk\tools;C:\laragon\bin\nginx\nginx-1.12.0;C:\laragon\bin\mysql\mysql-5.7.19-winx64\bin;C:\laragon\bin\laragon;C:\laragon\bin\cmder;C:\laragon\bin\apache\httpd-2.4.27-win64-VC14\bin;C:\Program Files\Microsoft VS Code\bin;C:\Users\Nelly Atuonwu\AppData\Roaming\Composer\vendor\bin;C:\Program Files\Heroku\bin;C:\Users\Nelly Atuonwu\AppData\Local\now-cli;C:\Program Files\Git\usr\bin\vendor_perl;C:\Program Files\Git\usr\bin\core_perl

Yarn version: 
  1.2.1

Node version: 
  8.7.0

Platform: 
  win32 x64

npm manifest: 
  {
    "private": true,
    "scripts": {
      "dev": "npm run development",
      "development": "cross-env NODE_ENV=development node_modules/webpack/bin/webpack.js --progress --hide-modules --config=node_modules/laravel-mix/setup/webpack.config.js",
      "watch": "cross-env NODE_ENV=development node_modules/webpack/bin/webpack.js --watch --progress --hide-modules --config=node_modules/laravel-mix/setup/webpack.config.js",
      "watch-poll": "npm run watch -- --watch-poll",
      "hot": "cross-env NODE_ENV=development node_modules/webpack-dev-server/bin/webpack-dev-server.js --inline --hot --config=node_modules/laravel-mix/setup/webpack.config.js",
      "prod": "npm run production",
      "production": "cross-env NODE_ENV=production node_modules/webpack/bin/webpack.js --progress --hide-modules --config=node_modules/laravel-mix/setup/webpack.config.js",
      "build-server": "cross-env NODE_ENV=production webpack --config webpack.server.config.js --progress --hide-modules"
    },
    "devDependencies": {
      "axios": "^0.15.3",
      "bootstrap-sass": "^3.3.7",
      "cross-env": "^3.2.3",
      "jquery": "^3.1.1",
      "laravel-mix": "0.*",
      "lodash": "^4.17.4",
      "vue": "^2.1.10",
      "vue-adsense": "^1.0.1"
    },
    "dependencies": {
      "accounting": "^0.4.1",
      "flickity": "^2.0.5",
      "ioredis": "^2.5.0",
      "laravel-echo": "^1.3.0",
      "moment": "^2.18.1",
      "notification-js": "^1.1.1",
      "plyr": "^2.0.12",
      "sharon": "^1.6.0",
      "socket.io": "^1.7.3",
      "socket.io-client": "^2.0.3",
      "sweetalert": "^1.1.3",
      "tinymce": "^4.5.6",
      "toastr": "^2.1.2",
      "vue-animate": "0.0.4",
      "vue-disqus": "^2.0.3",
      "vue-easy-slider": "^3.1.1",
      "vue-easy-toast": "^1.0.1",
      "vue-flickity": "^1.0.7",
      "vue-infinite-scroll": "^2.0.1",
      "vue-js-modal": "^1.0.18",
      "vue-router": "^2.4.0",
      "vue-server-renderer": "^2.4.2",
      "vue-social-sharing": "^2.2.0",
      "vue-socket.io": "^2.1.1-a",
      "vue-spinner": "^1.0.2",
      "vue-toast": "^3.1.0",
      "vue2-google-maps": "^0.7.9",
      "vuex": "^2.3.1",
      "webpack-merge": "^4.1.0"
    }
  }

yarn manifest: 
  No manifest

Lockfile: 
  No lockfile

Trace: 
  Error: EPERM: operation not permitted, unlink 'C:\Users\Nelly Atuonwu\Documents\Laravel\coolfm\node_modules\node-sass\vendor\win32-x64-57\binding.node'
